<?xml version="1.0" encoding="UTF-8"?>
<!-- Generated by org.testng.reporters.JUnitReportReporter -->
<testsuite hostname="DESKTOP-0JVKVD7" failures="0" tests="2" name="com.seleniumHybrid.testCase.TC_LoginTestModulleMethod" time="21.899" errors="0" timestamp="10 Aug 2019 16:56:04 GMT" skipped="0">
  <testcase classname="com.seleniumHybrid.testCase.TC_LoginTestModulleMethod" name="LoginTest" time="21.027"/>
  <testcase classname="com.seleniumHybrid.testCase.TC_LoginTestModulleMethod" name="abc" time="0.872"/>
</testsuite> <!-- com.seleniumHybrid.testCase.TC_LoginTestModulleMethod -->
