<?xml version="1.0" encoding="UTF-8"?>
<!-- Generated by org.testng.reporters.JUnitReportReporter -->
<testsuite hostname="DESKTOP-0JVKVD7" failures="0" tests="2" name="com.seleniumHybrid.testCase.TC_LoginTestModulleMethod" time="20.087" errors="0" timestamp="10 Aug 2019 07:15:40 GMT" skipped="0">
  <testcase classname="com.seleniumHybrid.testCase.TC_LoginTestModulleMethod" name="abc" time="0.723"/>
  <testcase classname="com.seleniumHybrid.testCase.TC_LoginTestModulleMethod" name="LoginTest" time="19.364"/>
</testsuite> <!-- com.seleniumHybrid.testCase.TC_LoginTestModulleMethod -->
